<?xml version="1.0" encoding="UTF-8"?>
<!-- Generated by org.testng.reporters.JUnitReportReporter -->
<testsuite skipped="0" hostname="LAPTOP-6J2R3I92" name="com.facebook.test.FaceBookSignUpTest" tests="1" failures="0" timestamp="07 Apr 2019 06:48:41 GMT" time="15.964" errors="0">
  <testcase name="validCredentialsSignUpTest" time="15.964" classname="com.facebook.test.FaceBookSignUpTest"/>
</testsuite> <!-- com.facebook.test.FaceBookSignUpTest -->
